<?xml version="1.0" encoding="UTF-8"?>
<testng-results ignored="0" total="1" passed="1" failed="0" skipped="0">
  <reporter-output>
  </reporter-output>
  <suite started-at="2023-04-05T11:14:53 IST" name="Suite" finished-at="2023-04-05T11:14:57 IST" duration-ms="3914">
    <groups>
    </groups>
    <test started-at="2023-04-05T11:14:53 IST" name="Test" finished-at="2023-04-05T11:14:57 IST" duration-ms="3914">
      <class name="test_class.Post_tc1">
        <test-method signature="orchestrator()[pri:0, instance:test_class.Post_tc1@6340e5f0]" started-at="2023-04-05T11:14:53 IST" name="orchestrator" finished-at="2023-04-05T11:14:57 IST" duration-ms="3818" status="PASS">
          <reporter-output>
          </reporter-output>
        </test-method> <!-- orchestrator -->
      </class> <!-- test_class.Post_tc1 -->
    </test> <!-- Test -->
  </suite> <!-- Suite -->
</testng-results>
